07:18:24.102 [main                     ] DEBUG Logger               - Configured Logger
07:18:24.122 [main                     ] DEBUG GameApplication      - Logging settings
Title: Exfora Game
Version: 
Width: 500
Height: 900
Fullscreen: false
Intro: false
Profiling: false
Single step:false
App Mode: DEVELOPER
Menu Key: ESCAPE
Stage Style: DECORATED
Scene Factory: class com.almasb.fxgl.app.scene.SceneFactory

07:18:24.455 [JavaFX Application Thread] DEBUG FXGLApplication      - Initializing FXGL
07:18:24.462 [JavaFX Application Thread] INFO  Engine               - FXGL-17.3 (30.03.2023 11.49) on WINDOWS (J:20 FX:20)
07:18:24.462 [JavaFX Application Thread] DEBUG Engine               - JRE Vendor Name: Oracle Corporation
07:18:24.463 [JavaFX Application Thread] DEBUG Engine               - Running on OS: Windows 11 version 10.0
07:18:24.463 [JavaFX Application Thread] DEBUG Engine               - Architecture: amd64
07:18:24.463 [JavaFX Application Thread] INFO  Engine               - Source code and latest versions at: https://github.com/AlmasB/FXGL
07:18:24.463 [JavaFX Application Thread] INFO  Engine               -       Ask questions and discuss at: https://github.com/AlmasB/FXGL/discussions
07:18:24.463 [JavaFX Application Thread] INFO  Engine               -              Join the FXGL chat at: https://gitter.im/AlmasB/FXGL
07:18:24.542 [JavaFX Application Thread] DEBUG PrimaryStageWindow   - Creating a JavaFX scene
07:18:24.582 [JavaFX Application Thread] DEBUG PrimaryStageWindow   - Target settings size: 500.0 x 900.0
07:18:24.582 [JavaFX Application Thread] DEBUG PrimaryStageWindow   - Scaled scene size:    500.0 x 900.0
07:18:24.582 [JavaFX Application Thread] DEBUG PrimaryStageWindow   - Scaled ratio: (1.0, 1.0)
07:18:24.584 [JavaFX Application Thread] DEBUG PrimaryStageWindow   - Set initial scene to FXGLStartupScene
07:18:24.586 [JavaFX Application Thread] DEBUG PrimaryStageWindow   - Opening main window
07:18:24.664 [JavaFX Application Thread] DEBUG PrimaryStageWindow   - Window border size: (16.0, 39.0)
07:18:24.664 [JavaFX Application Thread] DEBUG PrimaryStageWindow   - Scaled size: 500.0 x 900.0
07:18:24.664 [JavaFX Application Thread] DEBUG PrimaryStageWindow   - Scaled ratio: (1.0, 1.0)
07:18:24.664 [JavaFX Application Thread] DEBUG PrimaryStageWindow   - Scene size: 500.0 x 900.0
07:18:24.665 [JavaFX Application Thread] DEBUG PrimaryStageWindow   - Stage size: 516.0 x 939.0
07:18:24.675 [FXGL Background Thread 1 ] DEBUG Engine               - Initializing environment variables
07:18:24.736 [FXGL Background Thread 1 ] DEBUG FXGLAssetLoaderServi - User app class for loading assets: class com.MilitUpApp
07:18:24.736 [FXGL Background Thread 1 ] DEBUG GameApplicationServi - Applying CSS: fxgl_dark.css
07:18:24.737 [FXGL Background Thread 1 ] DEBUG FXGLAssetLoaderServi - Loading from file system: jar:file:/C:/Users/Adolf/.m2/repository/com/github/almasb/fxgl/17.3/fxgl-17.3.jar!/fxglassets/ui/css/fxgl_dark.css
07:18:24.777 [FXGL Background Thread 1 ] DEBUG GameApplicationServi - Initializing application scenes
07:18:24.825 [FXGL Background Thread 1 ] DEBUG GameWorld            - Game world initialized
07:18:24.890 [FXGL Background Thread 1 ] DEBUG PhysicsWorld         - Physics world initialized: appHeight=900, physics.ppm=50,0
07:18:24.890 [FXGL Background Thread 1 ] DEBUG PhysicsWorld         - Using strategy: BRUTE_FORCE
07:18:24.894 [FXGL Background Thread 1 ] DEBUG GameScene            - Game scene initialized: 500x900
07:18:24.905 [FXGL Background Thread 1 ] WARN  FXGL.DefaultMenu     - FXGLDefaultMenu is not designed for resolutions < 800x600
07:18:24.906 [FXGL Background Thread 1 ] DEBUG FXGL.DefaultMenu     - createMenuBodyGameMenu()
07:18:24.916 [FXGL Background Thread 1 ] DEBUG FXGL.DefaultMenu     - createOptionsMenu()
07:18:24.926 [FXGL Background Thread 1 ] DEBUG FXGLAssetLoaderServi - Loading from file system: jar:file:/C:/Users/Adolf/.m2/repository/com/github/almasb/fxgl/17.3/fxgl-17.3.jar!/fxglassets/textures/particles/smoke.png
07:18:25.026 [FXGL Background Thread 1 ] DEBUG FXGLAssetLoaderServi - Loading from file system: jar:file:/C:/Users/Adolf/.m2/repository/com/github/almasb/fxgl/17.3/fxgl-17.3.jar!/fxglassets/textures/particles/trace_horizontal.png
07:18:25.054 [FXGL Background Thread 1 ] DEBUG GameApplicationServi - Application scenes initialized
07:18:25.065 [FXGL Background Thread 1 ] DEBUG SystemBundleService  - Loading FXGL system data
07:18:25.073 [FXGL Background Thread 1 ] DEBUG FileSystemAccess     - Reading from: D:\ADOLFO\OneDrive\Documentos\ARCHIVO\ACADÉMICOS\UFPS\2023\SEGUNDO SEMESTRE\PROGRAMACIÓN ORIENTADA A OBJETOS\AA-UFPS-SG-POO0001-Poyectos Java\AA-UFPS-SG-POO-P0031-Milicyzk\militUp\system\fxgl.bundle
07:18:25.081 [FXGL Background Thread 1 ] DEBUG SystemBundleService  - Bundle FXGL: {}
07:18:25.081 [FXGL Background Thread 1 ] DEBUG UpdaterService       - Checking for updates
07:18:25.087 [FXGL Background Thread 4 ] DEBUG FXGLApplication      - Loading fonts
07:18:25.088 [FXGL Background Thread 4 ] DEBUG FXGLAssetLoaderServi - Loading from file system: jar:file:/C:/Users/Adolf/.m2/repository/com/github/almasb/fxgl/17.3/fxgl-17.3.jar!/fxglassets/ui/fonts/VarelaRound-Regular.ttf
07:18:25.089 [FXGL Background Thread 1 ] DEBUG FXGLApplication      - Loading default localization
07:18:25.090 [FXGL Background Thread 1 ] DEBUG FXGLAssetLoaderServi - Loading from file system: jar:file:/C:/Users/Adolf/.m2/repository/com/github/almasb/fxgl/17.3/fxgl-17.3.jar!/fxglassets/languages/english.lang
07:18:25.125 [FXGL Background Thread 1 ] INFO  FXGLApplication      - FXGL initialization took: 0,450 sec
07:18:25.127 [JavaFX Application Thread] DEBUG FXGLAssetLoaderServi - Loading from file system: jar:file:/C:/Users/Adolf/.m2/repository/com/github/almasb/fxgl/17.3/fxgl-17.3.jar!/fxglassets/textures/fxgl_icon.png
07:18:25.149 [JavaFX Application Thread] DEBUG FXGLAssetLoaderServi - Loading from file system: jar:file:/C:/Users/Adolf/.m2/repository/com/github/almasb/fxgl/17.3/fxgl-17.3.jar!/fxglassets/textures/fxgl_default_cursor.png
07:18:25.160 [FXGL Background Thread 4 ] WARN  FXGLAssetLoaderServi - Asset "/assets/ui/fonts/Segoe-UI" was not found!
07:18:25.161 [FXGL Background Thread 4 ] WARN  FXGLAssetLoaderServi - Failed to load FONT
07:18:25.161 [FXGL Background Thread 4 ] DEBUG FXGLAssetLoaderServi - Loading from file system: jar:file:/C:/Users/Adolf/.m2/repository/com/github/almasb/fxgl/17.3/fxgl-17.3.jar!/fxglassets/ui/fonts/TerminalLandMono-Regular.otf
07:18:25.166 [FXGL Background Thread 4 ] DEBUG FXGLAssetLoaderServi - Loading from file system: jar:file:/C:/Users/Adolf/.m2/repository/com/github/almasb/fxgl/17.3/fxgl-17.3.jar!/fxglassets/ui/fonts/Courier-Prime.ttf
07:18:25.167 [JavaFX Application Thread] DEBUG Input                - Registered new binding: Screenshot - CTRL+8
07:18:25.169 [JavaFX Application Thread] DEBUG Input                - Registered new binding: System info dump - CTRL+9
07:18:25.170 [JavaFX Application Thread] DEBUG Input                - Registered new binding: Restart - CTRL+R
07:18:25.171 [JavaFX Application Thread] DEBUG Input                - Registered new binding: Toggle Debug Camera - CTRL+7
07:18:25.177 [JavaFX Application Thread] DEBUG LoopRunner           - Starting loop
07:18:25.178 [JavaFX Application Thread] DEBUG LoopRunner           - Initializing JavaFX AnimationTimerLoop
07:18:25.180 [JavaFX Application Thread] DEBUG GameApplicationServi - Starting new game
07:18:25.181 [JavaFX Application Thread] DEBUG Input                - Clearing active input actions
07:18:25.198 [JavaFX Application Thread] DEBUG GameApplicationServi - Removing overlay from FXGLStartupScene and adding to FXGLLoadingScene
07:18:25.199 [JavaFX Application Thread] DEBUG PrimaryStageWindow   - FXGLStartupScene -> FXGLLoadingScene
07:18:25.199 [JavaFX Application Thread] DEBUG GameApplicationServi - Clearing previous game
07:18:25.199 [JavaFX Application Thread] DEBUG GameScene            - Clearing game scene
07:18:25.199 [JavaFX Application Thread] DEBUG GameWorld            - Clearing game world
07:18:25.199 [JavaFX Application Thread] DEBUG PhysicsWorld         - Clearing physics world
07:18:25.203 [FXGL Background Thread 4 ] DEBUG FXGLApplication      - Initializing game
07:18:25.206 [JavaFX Application Thread] DEBUG FXGLApplication      - Registering font factories with UI factory
07:18:25.281 [FXGL Background Thread 4 ] INFO  FXGLApplication      - Game initialization took: 0,078 sec
07:18:25.311 [JavaFX Application Thread] DEBUG Input                - Clearing active input actions
07:18:25.326 [JavaFX Application Thread] DEBUG GameApplicationServi - Removing overlay from FXGLLoadingScene and adding to GameScene
07:18:25.326 [JavaFX Application Thread] DEBUG PrimaryStageWindow   - FXGLLoadingScene -> GameScene
07:18:28.084 [FXGL Background Thread 3 ] DEBUG Engine               - Logging environment variables
07:18:28.085 [FXGL Background Thread 3 ] DEBUG Engine               - achievements: []
07:18:28.085 [FXGL Background Thread 3 ] DEBUG Engine               - actualHeight: 900.0
07:18:28.085 [FXGL Background Thread 3 ] DEBUG Engine               - actualHeightProperty: ReadOnlyDoubleProperty [value: 900.0]
07:18:28.085 [FXGL Background Thread 3 ] DEBUG Engine               - actualWidth: 500.0
07:18:28.085 [FXGL Background Thread 3 ] DEBUG Engine               - actualWidthProperty: ReadOnlyDoubleProperty [value: 500.0]
07:18:28.085 [FXGL Background Thread 3 ] DEBUG Engine               - appIcon: fxgl_icon.png
07:18:28.085 [FXGL Background Thread 3 ] DEBUG Engine               - applicationMode: DEVELOPER
07:18:28.085 [FXGL Background Thread 3 ] DEBUG Engine               - cSSList: [fxgl_dark.css]
07:18:28.085 [FXGL Background Thread 3 ] DEBUG Engine               - collisionDetectionStrategy: BRUTE_FORCE
07:18:28.086 [FXGL Background Thread 3 ] DEBUG Engine               - configClass: Optional.empty
07:18:28.086 [FXGL Background Thread 3 ] DEBUG Engine               - credits: []
07:18:28.086 [FXGL Background Thread 3 ] DEBUG Engine               - defaultCursor: CursorInfo(imageName=fxgl_default_cursor.png, hotspotX=7.0, hotspotY=6.0)
07:18:28.086 [FXGL Background Thread 3 ] DEBUG Engine               - devBBoxColorProperty: ObjectProperty [value: 0xff0000ff]
07:18:28.086 [FXGL Background Thread 3 ] DEBUG Engine               - devEnableDebugCameraProperty: BooleanProperty [value: false]
07:18:28.087 [FXGL Background Thread 3 ] DEBUG Engine               - devSensorColorProperty: ObjectProperty [value: 0xffff00ff]
07:18:28.087 [FXGL Background Thread 3 ] DEBUG Engine               - devShowBBoxProperty: BooleanProperty [value: false]
07:18:28.087 [FXGL Background Thread 3 ] DEBUG Engine               - devShowPositionProperty: BooleanProperty [value: false]
07:18:28.087 [FXGL Background Thread 3 ] DEBUG Engine               - enabledMenuItems: []
07:18:28.087 [FXGL Background Thread 3 ] DEBUG Engine               - engineServices: [class com.almasb.fxgl.app.services.FXGLAssetLoaderService, class com.almasb.fxgl.app.FXGLApplication$GameApplicationService, class com.almasb.fxgl.app.services.FXGLDialogService, class com.almasb.fxgl.app.services.IOTaskExecutorService, class com.almasb.fxgl.io.FileSystemService, class com.almasb.fxgl.localization.LocalizationService, class com.almasb.fxgl.app.services.SystemBundleService, class com.almasb.fxgl.profile.SaveLoadService, class com.almasb.fxgl.ui.FXGLUIFactoryServiceProvider, class com.almasb.fxgl.ui.FXGLDialogFactoryServiceProvider, class com.almasb.fxgl.audio.AudioPlayer, class com.almasb.fxgl.notification.impl.NotificationServiceProvider, class com.almasb.fxgl.achievement.AchievementService, class com.almasb.fxgl.cutscene.CutsceneService, class com.almasb.fxgl.minigames.MiniGameService, class com.almasb.fxgl.net.NetService, class com.almasb.fxgl.app.services.UpdaterService, class com.almasb.fxgl.dev.DevService]
07:18:28.087 [FXGL Background Thread 3 ] DEBUG Engine               - fontGame: Segoe-UI
07:18:28.087 [FXGL Background Thread 3 ] DEBUG Engine               - fontMono: TerminalLandMono-Regular.otf
07:18:28.087 [FXGL Background Thread 3 ] DEBUG Engine               - fontSizeScaleUI: 1.0
07:18:28.087 [FXGL Background Thread 3 ] DEBUG Engine               - fontText: Courier-Prime.ttf
07:18:28.087 [FXGL Background Thread 3 ] DEBUG Engine               - fontUI: VarelaRound-Regular.ttf
07:18:28.087 [FXGL Background Thread 3 ] DEBUG Engine               - fullScreen: BooleanProperty [value: false]
07:18:28.087 [FXGL Background Thread 3 ] DEBUG Engine               - gameDifficulty: MEDIUM
07:18:28.087 [FXGL Background Thread 3 ] DEBUG Engine               - gameDifficultyProperty: ObjectProperty [value: MEDIUM]
07:18:28.087 [FXGL Background Thread 3 ] DEBUG Engine               - globalMusicVolume: 0.5
07:18:28.087 [FXGL Background Thread 3 ] DEBUG Engine               - globalMusicVolumeProperty: DoubleProperty [value: 0.5]
07:18:28.087 [FXGL Background Thread 3 ] DEBUG Engine               - globalSoundVolume: 0.5
07:18:28.087 [FXGL Background Thread 3 ] DEBUG Engine               - globalSoundVolumeProperty: DoubleProperty [value: 0.5]
07:18:28.087 [FXGL Background Thread 3 ] DEBUG Engine               - height: 900
07:18:28.087 [FXGL Background Thread 3 ] DEBUG Engine               - is3D: false
07:18:28.087 [FXGL Background Thread 3 ] DEBUG Engine               - isAndroid: false
07:18:28.088 [FXGL Background Thread 3 ] DEBUG Engine               - isBrowser: false
07:18:28.088 [FXGL Background Thread 3 ] DEBUG Engine               - isClickFeedbackEnabled: false
07:18:28.088 [FXGL Background Thread 3 ] DEBUG Engine               - isCloseConfirmation: false
07:18:28.088 [FXGL Background Thread 3 ] DEBUG Engine               - isDesktop: true
07:18:28.088 [FXGL Background Thread 3 ] DEBUG Engine               - isDeveloperMenuEnabled: false
07:18:28.088 [FXGL Background Thread 3 ] DEBUG Engine               - isEmbedded: false
07:18:28.088 [FXGL Background Thread 3 ] DEBUG Engine               - isEntityPreloadEnabled: true
07:18:28.088 [FXGL Background Thread 3 ] DEBUG Engine               - isExperimentalTiledLargeMap: false
07:18:28.088 [FXGL Background Thread 3 ] DEBUG Engine               - isFileSystemWriteAllowed: true
07:18:28.088 [FXGL Background Thread 3 ] DEBUG Engine               - isFullScreenAllowed: false
07:18:28.088 [FXGL Background Thread 3 ] DEBUG Engine               - isFullScreenFromStart: false
07:18:28.088 [FXGL Background Thread 3 ] DEBUG Engine               - isGameMenuEnabled: true
07:18:28.088 [FXGL Background Thread 3 ] DEBUG Engine               - isIOS: false
07:18:28.088 [FXGL Background Thread 3 ] DEBUG Engine               - isIntroEnabled: false
07:18:28.088 [FXGL Background Thread 3 ] DEBUG Engine               - isLinux: false
07:18:28.088 [FXGL Background Thread 3 ] DEBUG Engine               - isMac: false
07:18:28.088 [FXGL Background Thread 3 ] DEBUG Engine               - isMainMenuEnabled: false
07:18:28.088 [FXGL Background Thread 3 ] DEBUG Engine               - isManualResizeEnabled: false
07:18:28.088 [FXGL Background Thread 3 ] DEBUG Engine               - isMobile: false
07:18:28.088 [FXGL Background Thread 3 ] DEBUG Engine               - isNative: false
07:18:28.088 [FXGL Background Thread 3 ] DEBUG Engine               - isPauseMusicWhenMinimized: true
07:18:28.088 [FXGL Background Thread 3 ] DEBUG Engine               - isPreserveResizeRatio: false
07:18:28.088 [FXGL Background Thread 3 ] DEBUG Engine               - isProfilingEnabled: false
07:18:28.088 [FXGL Background Thread 3 ] DEBUG Engine               - isScaleAffectedOnResize: true
07:18:28.088 [FXGL Background Thread 3 ] DEBUG Engine               - isSingleStep: false
07:18:28.088 [FXGL Background Thread 3 ] DEBUG Engine               - isUserProfileEnabled: false
07:18:28.088 [FXGL Background Thread 3 ] DEBUG Engine               - isWindows: true
07:18:28.089 [FXGL Background Thread 3 ] DEBUG Engine               - language: ObjectProperty [value: ENGLISH]
07:18:28.089 [FXGL Background Thread 3 ] DEBUG Engine               - menuKey: ESCAPE
07:18:28.089 [FXGL Background Thread 3 ] DEBUG Engine               - mouseSensitivity: 0.2
07:18:28.089 [FXGL Background Thread 3 ] DEBUG Engine               - notificationViewClass: class com.almasb.fxgl.notification.view.XboxNotificationView
07:18:28.089 [FXGL Background Thread 3 ] DEBUG Engine               - pixelsPerMeter: 50.0
07:18:28.089 [FXGL Background Thread 3 ] DEBUG Engine               - platform: WINDOWS
07:18:28.089 [FXGL Background Thread 3 ] DEBUG Engine               - prefHeightProperty: ReadOnlyDoubleProperty [value: 900.0]
07:18:28.089 [FXGL Background Thread 3 ] DEBUG Engine               - prefWidthProperty: ReadOnlyDoubleProperty [value: 500.0]
07:18:28.089 [FXGL Background Thread 3 ] DEBUG Engine               - profileDir: profiles/
07:18:28.089 [FXGL Background Thread 3 ] DEBUG Engine               - profileName: StringProperty [value: DEFAULT]
07:18:28.089 [FXGL Background Thread 3 ] DEBUG Engine               - randomSeed: -1
07:18:28.089 [FXGL Background Thread 3 ] DEBUG Engine               - runtimeInfo: RuntimeInfo(platform=WINDOWS, version=17.3, build=30.03.2023 11.49)
07:18:28.089 [FXGL Background Thread 3 ] DEBUG Engine               - saveFileExt: sav
07:18:28.090 [FXGL Background Thread 3 ] DEBUG Engine               - scaledHeightProp$fxgl: DoubleProperty [bound, value: 900.0]
07:18:28.090 [FXGL Background Thread 3 ] DEBUG Engine               - scaledWidthProp$fxgl: DoubleProperty [bound, value: 500.0]
07:18:28.090 [FXGL Background Thread 3 ] DEBUG Engine               - sceneFactory: com.almasb.fxgl.app.scene.SceneFactory@661f5a04
07:18:28.090 [FXGL Background Thread 3 ] DEBUG Engine               - secondsIn24h: 60
07:18:28.090 [FXGL Background Thread 3 ] DEBUG Engine               - soundMenuBack: menu/back.wav
07:18:28.090 [FXGL Background Thread 3 ] DEBUG Engine               - soundMenuPress: menu/press.wav
07:18:28.090 [FXGL Background Thread 3 ] DEBUG Engine               - soundMenuSelect: menu/select.wav
07:18:28.090 [FXGL Background Thread 3 ] DEBUG Engine               - soundNotification: core/notification.wav
07:18:28.091 [FXGL Background Thread 3 ] DEBUG Engine               - stageStyle: DECORATED
07:18:28.091 [FXGL Background Thread 3 ] DEBUG Engine               - supportedLanguages: [ENGLISH, FRENCH, GERMAN, HUNGARIAN, RUSSIAN]
07:18:28.091 [FXGL Background Thread 3 ] DEBUG Engine               - ticksPerSecond: -1
07:18:28.091 [FXGL Background Thread 3 ] DEBUG Engine               - title: Exfora Game
07:18:28.091 [FXGL Background Thread 3 ] DEBUG Engine               - urlGithub: https://github.com/AlmasB/FXGL
07:18:28.091 [FXGL Background Thread 3 ] DEBUG Engine               - urlLeaderboard: http://fxgl-top.herokuapp.com/
07:18:28.091 [FXGL Background Thread 3 ] DEBUG Engine               - urlPOM: https://raw.githubusercontent.com/AlmasB/FXGL/release/README.md
07:18:28.091 [FXGL Background Thread 3 ] DEBUG Engine               - userAppClass: class com.MilitUpApp
07:18:28.091 [FXGL Background Thread 3 ] DEBUG Engine               - version: 
07:18:28.091 [FXGL Background Thread 3 ] DEBUG Engine               - versionCheckDays: 7
07:18:28.091 [FXGL Background Thread 3 ] DEBUG Engine               - width: 500
07:18:28.091 [FXGL Background Thread 3 ] DEBUG Engine               - Logging services
07:18:28.092 [FXGL Background Thread 3 ] DEBUG Engine               - class com.almasb.fxgl.app.services.FXGLAssetLoaderService
07:18:28.092 [FXGL Background Thread 3 ] DEBUG Engine               - class com.almasb.fxgl.app.FXGLApplication$GameApplicationService
07:18:28.092 [FXGL Background Thread 3 ] DEBUG Engine               - class com.almasb.fxgl.app.services.FXGLDialogService
07:18:28.092 [FXGL Background Thread 3 ] DEBUG Engine               - class com.almasb.fxgl.app.services.IOTaskExecutorService
07:18:28.092 [FXGL Background Thread 3 ] DEBUG Engine               - class com.almasb.fxgl.io.FileSystemService
07:18:28.092 [FXGL Background Thread 3 ] DEBUG Engine               - class com.almasb.fxgl.localization.LocalizationService
07:18:28.092 [FXGL Background Thread 3 ] DEBUG Engine               - class com.almasb.fxgl.app.services.SystemBundleService
07:18:28.092 [FXGL Background Thread 3 ] DEBUG Engine               - class com.almasb.fxgl.profile.SaveLoadService
07:18:28.092 [FXGL Background Thread 3 ] DEBUG Engine               - class com.almasb.fxgl.ui.FXGLUIFactoryServiceProvider
07:18:28.092 [FXGL Background Thread 3 ] DEBUG Engine               - class com.almasb.fxgl.ui.FXGLDialogFactoryServiceProvider
07:18:28.092 [FXGL Background Thread 3 ] DEBUG Engine               - class com.almasb.fxgl.audio.AudioPlayer
07:18:28.092 [FXGL Background Thread 3 ] DEBUG Engine               - class com.almasb.fxgl.notification.impl.NotificationServiceProvider
07:18:28.092 [FXGL Background Thread 3 ] DEBUG Engine               - class com.almasb.fxgl.achievement.AchievementService
07:18:28.092 [FXGL Background Thread 3 ] DEBUG Engine               - class com.almasb.fxgl.cutscene.CutsceneService
07:18:28.092 [FXGL Background Thread 3 ] DEBUG Engine               - class com.almasb.fxgl.minigames.MiniGameService
07:18:28.092 [FXGL Background Thread 3 ] DEBUG Engine               - class com.almasb.fxgl.net.NetService
07:18:28.092 [FXGL Background Thread 3 ] DEBUG Engine               - class com.almasb.fxgl.app.services.UpdaterService
07:18:28.092 [FXGL Background Thread 3 ] DEBUG Engine               - class com.almasb.fxgl.dev.DevService
07:18:30.468 [pool-2-thread-1          ] DEBUG LoopRunner           - Stopping loop
07:18:30.471 [pool-2-thread-1          ] FATAL FXGLApplication      - Uncaught Exception:
java.lang.IllegalStateException: Not on FX application thread; currentThread = pool-2-thread-1
	at com.sun.javafx.tk.Toolkit.checkFxUserThread(Toolkit.java:294)
	at com.sun.javafx.tk.quantum.QuantumToolkit.checkFxUserThread(QuantumToolkit.java:475)
	at javafx.scene.Parent$3.onProposedChange(Parent.java:475)
	at com.sun.javafx.collections.VetoableListDecorator.setAll(VetoableListDecorator.java:113)
	at com.sun.javafx.collections.VetoableListDecorator.setAll(VetoableListDecorator.java:108)
	at javafx.scene.control.skin.LabeledSkinBase.updateChildren(LabeledSkinBase.java:282)
	at javafx.scene.control.skin.LabeledSkinBase.lambda$new$11(LabeledSkinBase.java:219)
	at com.sun.javafx.scene.control.LambdaMultiplePropertyChangeListenerHandler.lambda$new$1(LambdaMultiplePropertyChangeListenerHandler.java:88)
	at javafx.beans.value.WeakChangeListener.changed(WeakChangeListener.java:86)
	at com.sun.javafx.binding.ExpressionHelper$SingleChange.fireValueChangedEvent(ExpressionHelper.java:181)
	at com.sun.javafx.binding.ExpressionHelper.fireValueChangedEvent(ExpressionHelper.java:80)
	at javafx.beans.property.StringPropertyBase.fireValueChangedEvent(StringPropertyBase.java:104)
	at javafx.beans.property.StringPropertyBase.markInvalid(StringPropertyBase.java:111)
	at javafx.beans.property.StringPropertyBase.set(StringPropertyBase.java:145)
	at javafx.beans.property.StringPropertyBase.set(StringPropertyBase.java:50)
	at javafx.beans.property.StringProperty.setValue(StringProperty.java:71)
	at javafx.scene.control.Labeled.setText(Labeled.java:147)
	at com.MilitUpApp.lambda$4(MilitUpApp.java:283)
	at java.base/java.util.concurrent.ThreadPoolExecutor.runWorker(ThreadPoolExecutor.java:1144)
	at java.base/java.util.concurrent.ThreadPoolExecutor$Worker.run(ThreadPoolExecutor.java:642)
	at java.base/java.lang.Thread.run(Thread.java:1623)

07:18:30.477 [pool-2-thread-1          ] FATAL FXGLApplication      - Application will now exit
07:18:30.486 [pool-2-thread-1          ] DEBUG PrimaryStageWindow   - Push state: ErrorSubScene
07:18:30.486 [pool-2-thread-1          ] DEBUG Input                - Clearing active input actions
07:18:35.986 [JavaFX Application Thread] DEBUG FXGLApplication      - Exiting FXGL
07:18:35.986 [JavaFX Application Thread] DEBUG Async                - Shutting down background threads
07:18:35.986 [JavaFX Application Thread] DEBUG PrimaryStageWindow   - Closing main window
07:18:36.007 [JavaFX Application Thread] DEBUG Logger               - Closing Logger
